2020-07-22 00:43:39,283 :INFO : <module> :Browser selected is/are : chrome
2020-07-22 00:43:43,750 :INFO : <module> :Running script on chromebrowser
2020-07-22 00:43:50,846 :INFO : <module> :URl entered is http://automationpractice.com/
2020-07-22 00:43:53,610 :INFO : test_user_case1 :Clicked on Popular Item
2020-07-22 00:43:53,610 :INFO : test_user_case1 :Capturing all the product price
2020-07-22 00:43:53,926 :INFO : test_user_case1 :Price displayed are: ['$16.51', '$27.00', '$26.00', '$50.99', '$28.98', '$30.50', '$16.40']
2020-07-22 00:43:53,927 :INFO : test_user_case1 :Lowest price is $16.40
2020-07-22 00:43:56,897 :INFO : test_user_case1 :Product added to the cart successfully.
2020-07-22 00:43:56,946 :INFO : test_user_case1 :Confirm message displayed is : Product successfully added to your shopping cart
2020-07-22 00:43:57,000 :INFO : test_user_case1 :Lowest Price product name displayed is : Printed Chiffon Dress
2020-07-22 00:43:57,046 :INFO : test_user_case1 :Added product color, size displayed is : Yellow, S
2020-07-22 00:43:57,090 :INFO : test_user_case1 :Added product quantity displayed is : 1
2020-07-22 00:43:57,134 :INFO : test_user_case1 :Verifying lowest price product has been added to cart
2020-07-22 00:43:57,134 :INFO : test_user_case1 :Product price is $16.40 and lowest price is $16.40
2020-07-22 00:43:57,134 :INFO : test_user_case1 :Added product price displayed is : $16.40
2020-07-22 00:43:57,134 :INFO : test_user_case1 :Clicking on close window button
2020-07-22 00:43:57,251 :INFO : test_user_case1 :Window closed successfully 
2020-07-22 00:43:57,251 :INFO : test_user_case1 :Mouse hover on cart icon
2020-07-22 00:43:57,642 :INFO : test_user_case1 :Cart dialog box opened successfully
2020-07-22 00:43:57,720 :INFO : test_user_case1 :Quantity on cart dialog box displayed is : 1Matched with added product quantity1
2020-07-22 00:43:57,799 :INFO : test_user_case1 :Product name on cart dialog box displayed is : Printed Ch...
2020-07-22 00:43:57,854 :INFO : test_user_case1 :Color, Size on cart dialog box displayed is : Yellow, S
2020-07-22 00:43:57,909 :INFO : test_user_case1 :Shipping price on cart dialog box displayed is : $2.00
2020-07-22 00:43:57,957 :INFO : test_user_case1 :Final price on cart dialog box displayed is : $18.40
2020-07-22 00:43:57,957 :INFO : test_user_case1 :Clicking on Checkout Button
2020-07-22 00:44:00,272 :INFO : test_user_case1 :Navigated successfully on 01. Summary Page
2020-07-22 00:44:00,272 :INFO : test_user_case1 :01. Summary tab is selected
2020-07-22 00:44:00,321 :INFO : test_user_case1 :Product name displayed on the cart is: Printed Chiffon Dress matched with added product Printed Chiffon Dress
2020-07-22 00:44:00,772 :INFO : test_user_case1 :Product Color, size displayed on the cart is: Color : Yellow, Size : S matched with added product color and size  Yellow, S
2020-07-22 00:44:00,817 :INFO : test_user_case1 :Product Unit price displayed on the cart is: $16.40 Price not matched with added product $16.40
2020-07-22 00:44:08,482 :INFO : <module> :Browser selected is/are : chrome
2020-07-22 00:44:12,371 :INFO : <module> :Running script on chromebrowser
2020-07-22 00:44:19,746 :INFO : <module> :URl entered is http://automationpractice.com/
2020-07-22 00:44:37,049 :INFO : test_user_case2 :Discount is correct
